2024-10-10 13:23:40,251 ERROR frappe New Exception collected in error log
Site: localhost
Form Dict: {'txt': '', 'doctype': 'Item Master', 'ignore_user_permissions': '0', 'reference_doctype': 'Product Child', 'page_length': '10', 'filters': '[["Product","name","not in",[null,null]]]', 'cmd': 'frappe.desk.search.search_link'}
2024-10-10 13:23:46,121 ERROR frappe New Exception collected in error log
Site: localhost
Form Dict: {'txt': '', 'doctype': 'Item Master', 'ignore_user_permissions': '0', 'reference_doctype': 'Product Child', 'page_length': '10', 'filters': '[["Product","name","not in",[null,null]]]', 'cmd': 'frappe.desk.search.search_link'}
2024-10-10 13:24:08,367 ERROR frappe New Exception collected in error log
Site: localhost
Form Dict: {'txt': '', 'doctype': 'Item Master', 'ignore_user_permissions': '0', 'reference_doctype': 'Product Child', 'page_length': '10', 'filters': '[["Product","name","not in",[null,null]]]', 'cmd': 'frappe.desk.search.search_link'}
2024-10-10 13:25:38,764 ERROR frappe New Exception collected in error log
Site: localhost
Form Dict: {'txt': '', 'doctype': 'Item Master', 'ignore_user_permissions': '0', 'reference_doctype': 'Product Child', 'page_length': '10', 'filters': '[["Product","name","not in",[null,null]]]', 'cmd': 'frappe.desk.search.search_link'}
2024-10-10 13:26:24,489 ERROR frappe New Exception collected in error log
Site: localhost
Form Dict: {'txt': '', 'doctype': 'Item Master', 'ignore_user_permissions': '0', 'reference_doctype': 'Product Child', 'page_length': '10', 'filters': '[["Product","name","not in",[null,null]]]', 'cmd': 'frappe.desk.search.search_link'}
2024-10-10 13:26:59,896 ERROR frappe New Exception collected in error log
Site: localhost
Form Dict: {'txt': '', 'doctype': 'Product', 'ignore_user_permissions': '0', 'reference_doctype': 'Product Child', 'page_length': '10', 'filters': '[["Item Master","name","not in",[null]]]', 'cmd': 'frappe.desk.search.search_link'}
2024-10-10 13:27:12,078 ERROR frappe New Exception collected in error log
Site: localhost
Form Dict: {'txt': '', 'doctype': 'Product', 'ignore_user_permissions': '0', 'reference_doctype': 'Product Child', 'page_length': '10', 'filters': '[["Item Master","name","not in",[null]]]', 'cmd': 'frappe.desk.search.search_link'}
2024-10-10 13:28:13,255 ERROR frappe New Exception collected in error log
Site: localhost
Form Dict: {'txt': '', 'doctype': 'Product', 'ignore_user_permissions': '0', 'reference_doctype': 'Product Child', 'page_length': '10', 'filters': '[["Item Master","name","not in",[null]]]', 'cmd': 'frappe.desk.search.search_link'}
2024-10-10 13:28:27,344 ERROR frappe New Exception collected in error log
Site: localhost
Form Dict: {'txt': '', 'doctype': 'Product', 'ignore_user_permissions': '0', 'reference_doctype': 'Product Child', 'page_length': '10', 'filters': '[["Item Master","name","not in",[null]]]', 'cmd': 'frappe.desk.search.search_link'}
2024-10-10 16:45:40,213 ERROR frappe New Exception collected in error log
Site: localhost
Form Dict: {'txt': '', 'doctype': 'Item Mapping Master', 'ignore_user_permissions': '0', 'reference_doctype': 'Product Child', 'page_length': '10', 'filters': '{"is_parent_":["=",0]}', 'cmd': 'frappe.desk.search.search_link'}
2024-10-11 16:57:59,378 ERROR frappe New Exception collected in error log
Site: localhost
Form Dict: {'with_parent': '1', 'cached_timestamp': '', 'cmd': 'frappe.desk.form.load.getdoctype'}
2024-10-11 16:58:07,765 ERROR frappe New Exception collected in error log
Site: localhost
Form Dict: {'with_parent': '1', 'cached_timestamp': '', 'cmd': 'frappe.desk.form.load.getdoctype'}
2024-10-13 22:07:07,662 ERROR frappe New Exception collected in error log
Site: localhost
Form Dict: {'txt': '', 'doctype': 'Accounts', 'ignore_user_permissions': '0', 'reference_doctype': 'Product Child', 'page_length': '10', 'filters': '{"account":["not in",["ITAD"]]}', 'cmd': 'frappe.desk.search.search_link'}
2024-10-14 16:21:16,861 ERROR frappe New Exception collected in error log
Site: localhost
Form Dict: {'cmd': 'axe.axe.doctype.accounts.accounts.get_accounts_with_location_counts'}
2024-10-14 16:27:17,445 ERROR frappe New Exception collected in error log
Site: localhost
Form Dict: {'cmd': 'axe.axe.doctype.accounts.accounts.get_accounts_with_location_counts'}
2024-10-14 16:27:43,712 ERROR frappe New Exception collected in error log
Site: localhost
Form Dict: {'cmd': 'axe.axe.doctype.accounts.accounts.get_accounts_with_location_counts'}
2024-10-14 16:28:00,121 ERROR frappe New Exception collected in error log
Site: localhost
Form Dict: {'cmd': 'axe.axe.doctype.accounts.accounts.get_accounts_with_location_counts'}
2024-10-14 17:02:52,838 ERROR frappe New Exception collected in error log
Site: localhost
Form Dict: {'doctype': 'Accounts', 'txt': '', 'filters': '[["name","in",["ITAD"]],["location_count",">",0]]', 'filter_fields': '["account_name"]', 'page_length': '25', 'as_dict': '1', 'cmd': 'frappe.desk.search.search_widget'}
2024-10-14 17:09:04,581 ERROR frappe New Exception collected in error log
Site: localhost
Form Dict: {'doctype': 'Accounts', 'txt': '', 'filters': '[["name","not in",{}],["location_count",">",0]]', 'filter_fields': '["account_name"]', 'page_length': '25', 'as_dict': '1', 'cmd': 'frappe.desk.search.search_widget'}
2024-10-16 11:44:58,437 ERROR frappe New Exception collected in error log
Site: localhost
Form Dict: {'txt': '', 'doctype': 'Contacts', 'ignore_user_permissions': '0', 'reference_doctype': 'Contact Child', 'page_length': '10', 'filters': '{"location":"new-location-izlgegvhos"}', 'cmd': 'frappe.desk.search.search_link'}
2024-10-16 11:45:34,929 ERROR frappe New Exception collected in error log
Site: localhost
Form Dict: {'txt': '', 'doctype': 'Contacts', 'ignore_user_permissions': '0', 'reference_doctype': 'Contact Child', 'page_length': '10', 'filters': '{"location":"new-location-mikhcswtsx"}', 'cmd': 'frappe.desk.search.search_link'}
2024-10-16 11:46:45,157 ERROR frappe New Exception collected in error log
Site: localhost
Form Dict: {'txt': '', 'doctype': 'Contacts', 'ignore_user_permissions': '0', 'reference_doctype': 'Contact Child', 'page_length': '10', 'filters': '{"location":"new-location-mikhcswtsx"}', 'cmd': 'frappe.desk.search.search_link'}
2024-10-16 11:46:47,207 ERROR frappe New Exception collected in error log
Site: localhost
Form Dict: {'txt': '', 'doctype': 'Contacts', 'ignore_user_permissions': '0', 'reference_doctype': 'Contact Child', 'page_length': '10', 'filters': '{"location":"new-location-mikhcswtsx"}', 'cmd': 'frappe.desk.search.search_link'}
2024-10-17 13:07:59,004 ERROR frappe Could not take error snapshot: No module named 'axe_product'
Site: localhost
Form Dict: {}
Traceback (most recent call last):
  File "/mnt/frappe-axe/apps/frappe/frappe/app.py", line 99, in application
    init_request(request)
  File "/mnt/frappe-axe/apps/frappe/frappe/app.py", line 181, in init_request
    frappe.init(site, sites_path=_sites_path, force=True)
  File "/mnt/frappe-axe/apps/frappe/frappe/__init__.py", line 314, in init
    setup_module_map(include_all_apps=not (frappe.request or frappe.job or frappe.flags.in_migrate))
  File "/mnt/frappe-axe/apps/frappe/frappe/__init__.py", line 1755, in setup_module_map
    for module in get_module_list(app):
                  ^^^^^^^^^^^^^^^^^^^^
  File "/mnt/frappe-axe/apps/frappe/frappe/__init__.py", line 1603, in get_module_list
    return get_file_items(get_app_path(app_name, "modules.txt"))
                          ^^^^^^^^^^^^^^^^^^^^^^^^^^^^^^^^^^^^^
  File "/mnt/frappe-axe/apps/frappe/frappe/__init__.py", line 1568, in get_app_path
    return get_pymodule_path(app_name, *joins)
           ^^^^^^^^^^^^^^^^^^^^^^^^^^^^^^^^^^^
  File "/mnt/frappe-axe/apps/frappe/frappe/__init__.py", line 1598, in get_pymodule_path
    return abspath(join(dirname(get_module(scrub(modulename)).__file__ or ""), *joins))
                                ^^^^^^^^^^^^^^^^^^^^^^^^^^^^^
  File "/mnt/frappe-axe/apps/frappe/frappe/__init__.py", line 1539, in get_module
    return importlib.import_module(modulename)
           ^^^^^^^^^^^^^^^^^^^^^^^^^^^^^^^^^^^
  File "/usr/lib/python3.12/importlib/__init__.py", line 90, in import_module
    return _bootstrap._gcd_import(name[level:], package, level)
           ^^^^^^^^^^^^^^^^^^^^^^^^^^^^^^^^^^^^^^^^^^^^^^^^^^^^
  File "<frozen importlib._bootstrap>", line 1387, in _gcd_import
  File "<frozen importlib._bootstrap>", line 1360, in _find_and_load
  File "<frozen importlib._bootstrap>", line 1324, in _find_and_load_unlocked
ModuleNotFoundError: No module named 'axe_product'

During handling of the above exception, another exception occurred:

Traceback (most recent call last):
  File "/mnt/frappe-axe/apps/frappe/frappe/utils/error.py", line 87, in log_error_snapshot
    log_error(title=str(exception), defer_insert=True)
  File "/mnt/frappe-axe/apps/frappe/frappe/utils/error.py", line 62, in log_error
    error_log = frappe.get_doc(
                ^^^^^^^^^^^^^^^
  File "/mnt/frappe-axe/apps/frappe/frappe/__init__.py", line 1396, in get_doc
    doc = frappe.model.document.get_doc(*args, **kwargs)
          ^^^^^^^^^^^^^^^^^^^^^^^^^^^^^^^^^^^^^^^^^^^^^^
  File "/mnt/frappe-axe/apps/frappe/frappe/model/utils/__init__.py", line 171, in wrapper
    return func(*args, **kw)
           ^^^^^^^^^^^^^^^^^
  File "/mnt/frappe-axe/apps/frappe/frappe/model/document.py", line 69, in get_doc
    return get_doc_from_dict(kwargs)
           ^^^^^^^^^^^^^^^^^^^^^^^^^
  File "/mnt/frappe-axe/apps/frappe/frappe/model/document.py", line 93, in get_doc_from_dict
    controller = get_controller(data["doctype"])
                 ^^^^^^^^^^^^^^^^^^^^^^^^^^^^^^^
  File "/mnt/frappe-axe/apps/frappe/frappe/model/base_document.py", line 67, in get_controller
    return import_controller(doctype)
           ^^^^^^^^^^^^^^^^^^^^^^^^^^
  File "/mnt/frappe-axe/apps/frappe/frappe/model/base_document.py", line 89, in import_controller
    class_overrides = frappe.get_hooks("override_doctype_class")
                      ^^^^^^^^^^^^^^^^^^^^^^^^^^^^^^^^^^^^^^^^^^
  File "/mnt/frappe-axe/apps/frappe/frappe/__init__.py", line 1704, in get_hooks
    hooks = _dict(_load_app_hooks())
                  ^^^^^^^^^^^^^^^^^
  File "/mnt/frappe-axe/apps/frappe/frappe/utils/caching.py", line 47, in wrapper
    return func(*args, **kwargs)
           ^^^^^^^^^^^^^^^^^^^^^
  File "/mnt/frappe-axe/apps/frappe/frappe/__init__.py", line 1673, in _load_app_hooks
    app_hooks = get_module(f"{app}.hooks")
                ^^^^^^^^^^^^^^^^^^^^^^^^^^
  File "/mnt/frappe-axe/apps/frappe/frappe/__init__.py", line 1539, in get_module
    return importlib.import_module(modulename)
           ^^^^^^^^^^^^^^^^^^^^^^^^^^^^^^^^^^^
  File "/usr/lib/python3.12/importlib/__init__.py", line 90, in import_module
    return _bootstrap._gcd_import(name[level:], package, level)
           ^^^^^^^^^^^^^^^^^^^^^^^^^^^^^^^^^^^^^^^^^^^^^^^^^^^^
  File "<frozen importlib._bootstrap>", line 1387, in _gcd_import
  File "<frozen importlib._bootstrap>", line 1360, in _find_and_load
  File "<frozen importlib._bootstrap>", line 1310, in _find_and_load_unlocked
  File "<frozen importlib._bootstrap>", line 488, in _call_with_frames_removed
  File "<frozen importlib._bootstrap>", line 1387, in _gcd_import
  File "<frozen importlib._bootstrap>", line 1360, in _find_and_load
  File "<frozen importlib._bootstrap>", line 1324, in _find_and_load_unlocked
ModuleNotFoundError: No module named 'axe_product'
2024-10-17 13:08:08,498 ERROR frappe Could not take error snapshot: No module named 'axe_product'
Site: localhost
Form Dict: {}
Traceback (most recent call last):
  File "/mnt/frappe-axe/apps/frappe/frappe/app.py", line 99, in application
    init_request(request)
  File "/mnt/frappe-axe/apps/frappe/frappe/app.py", line 181, in init_request
    frappe.init(site, sites_path=_sites_path, force=True)
  File "/mnt/frappe-axe/apps/frappe/frappe/__init__.py", line 314, in init
    setup_module_map(include_all_apps=not (frappe.request or frappe.job or frappe.flags.in_migrate))
  File "/mnt/frappe-axe/apps/frappe/frappe/__init__.py", line 1755, in setup_module_map
    for module in get_module_list(app):
                  ^^^^^^^^^^^^^^^^^^^^
  File "/mnt/frappe-axe/apps/frappe/frappe/__init__.py", line 1603, in get_module_list
    return get_file_items(get_app_path(app_name, "modules.txt"))
                          ^^^^^^^^^^^^^^^^^^^^^^^^^^^^^^^^^^^^^
  File "/mnt/frappe-axe/apps/frappe/frappe/__init__.py", line 1568, in get_app_path
    return get_pymodule_path(app_name, *joins)
           ^^^^^^^^^^^^^^^^^^^^^^^^^^^^^^^^^^^
  File "/mnt/frappe-axe/apps/frappe/frappe/__init__.py", line 1598, in get_pymodule_path
    return abspath(join(dirname(get_module(scrub(modulename)).__file__ or ""), *joins))
                                ^^^^^^^^^^^^^^^^^^^^^^^^^^^^^
  File "/mnt/frappe-axe/apps/frappe/frappe/__init__.py", line 1539, in get_module
    return importlib.import_module(modulename)
           ^^^^^^^^^^^^^^^^^^^^^^^^^^^^^^^^^^^
  File "/usr/lib/python3.12/importlib/__init__.py", line 90, in import_module
    return _bootstrap._gcd_import(name[level:], package, level)
           ^^^^^^^^^^^^^^^^^^^^^^^^^^^^^^^^^^^^^^^^^^^^^^^^^^^^
  File "<frozen importlib._bootstrap>", line 1387, in _gcd_import
  File "<frozen importlib._bootstrap>", line 1360, in _find_and_load
  File "<frozen importlib._bootstrap>", line 1324, in _find_and_load_unlocked
ModuleNotFoundError: No module named 'axe_product'

During handling of the above exception, another exception occurred:

Traceback (most recent call last):
  File "/mnt/frappe-axe/apps/frappe/frappe/utils/error.py", line 87, in log_error_snapshot
    log_error(title=str(exception), defer_insert=True)
  File "/mnt/frappe-axe/apps/frappe/frappe/utils/error.py", line 62, in log_error
    error_log = frappe.get_doc(
                ^^^^^^^^^^^^^^^
  File "/mnt/frappe-axe/apps/frappe/frappe/__init__.py", line 1396, in get_doc
    doc = frappe.model.document.get_doc(*args, **kwargs)
          ^^^^^^^^^^^^^^^^^^^^^^^^^^^^^^^^^^^^^^^^^^^^^^
  File "/mnt/frappe-axe/apps/frappe/frappe/model/utils/__init__.py", line 171, in wrapper
    return func(*args, **kw)
           ^^^^^^^^^^^^^^^^^
  File "/mnt/frappe-axe/apps/frappe/frappe/model/document.py", line 69, in get_doc
    return get_doc_from_dict(kwargs)
           ^^^^^^^^^^^^^^^^^^^^^^^^^
  File "/mnt/frappe-axe/apps/frappe/frappe/model/document.py", line 93, in get_doc_from_dict
    controller = get_controller(data["doctype"])
                 ^^^^^^^^^^^^^^^^^^^^^^^^^^^^^^^
  File "/mnt/frappe-axe/apps/frappe/frappe/model/base_document.py", line 67, in get_controller
    return import_controller(doctype)
           ^^^^^^^^^^^^^^^^^^^^^^^^^^
  File "/mnt/frappe-axe/apps/frappe/frappe/model/base_document.py", line 89, in import_controller
    class_overrides = frappe.get_hooks("override_doctype_class")
                      ^^^^^^^^^^^^^^^^^^^^^^^^^^^^^^^^^^^^^^^^^^
  File "/mnt/frappe-axe/apps/frappe/frappe/__init__.py", line 1704, in get_hooks
    hooks = _dict(_load_app_hooks())
                  ^^^^^^^^^^^^^^^^^
  File "/mnt/frappe-axe/apps/frappe/frappe/utils/caching.py", line 47, in wrapper
    return func(*args, **kwargs)
           ^^^^^^^^^^^^^^^^^^^^^
  File "/mnt/frappe-axe/apps/frappe/frappe/__init__.py", line 1673, in _load_app_hooks
    app_hooks = get_module(f"{app}.hooks")
                ^^^^^^^^^^^^^^^^^^^^^^^^^^
  File "/mnt/frappe-axe/apps/frappe/frappe/__init__.py", line 1539, in get_module
    return importlib.import_module(modulename)
           ^^^^^^^^^^^^^^^^^^^^^^^^^^^^^^^^^^^
  File "/usr/lib/python3.12/importlib/__init__.py", line 90, in import_module
    return _bootstrap._gcd_import(name[level:], package, level)
           ^^^^^^^^^^^^^^^^^^^^^^^^^^^^^^^^^^^^^^^^^^^^^^^^^^^^
  File "<frozen importlib._bootstrap>", line 1387, in _gcd_import
  File "<frozen importlib._bootstrap>", line 1360, in _find_and_load
  File "<frozen importlib._bootstrap>", line 1310, in _find_and_load_unlocked
  File "<frozen importlib._bootstrap>", line 488, in _call_with_frames_removed
  File "<frozen importlib._bootstrap>", line 1387, in _gcd_import
  File "<frozen importlib._bootstrap>", line 1360, in _find_and_load
  File "<frozen importlib._bootstrap>", line 1324, in _find_and_load_unlocked
ModuleNotFoundError: No module named 'axe_product'
2024-10-17 13:16:42,217 ERROR frappe Could not take error snapshot: No module named 'axe_product'
Site: localhost
Form Dict: {}
Traceback (most recent call last):
  File "/mnt/frappe-axe/apps/frappe/frappe/app.py", line 99, in application
    init_request(request)
  File "/mnt/frappe-axe/apps/frappe/frappe/app.py", line 181, in init_request
    frappe.init(site, sites_path=_sites_path, force=True)
  File "/mnt/frappe-axe/apps/frappe/frappe/__init__.py", line 314, in init
    setup_module_map(include_all_apps=not (frappe.request or frappe.job or frappe.flags.in_migrate))
  File "/mnt/frappe-axe/apps/frappe/frappe/__init__.py", line 1755, in setup_module_map
    for module in get_module_list(app):
                  ^^^^^^^^^^^^^^^^^^^^
  File "/mnt/frappe-axe/apps/frappe/frappe/__init__.py", line 1603, in get_module_list
    return get_file_items(get_app_path(app_name, "modules.txt"))
                          ^^^^^^^^^^^^^^^^^^^^^^^^^^^^^^^^^^^^^
  File "/mnt/frappe-axe/apps/frappe/frappe/__init__.py", line 1568, in get_app_path
    return get_pymodule_path(app_name, *joins)
           ^^^^^^^^^^^^^^^^^^^^^^^^^^^^^^^^^^^
  File "/mnt/frappe-axe/apps/frappe/frappe/__init__.py", line 1598, in get_pymodule_path
    return abspath(join(dirname(get_module(scrub(modulename)).__file__ or ""), *joins))
                                ^^^^^^^^^^^^^^^^^^^^^^^^^^^^^
  File "/mnt/frappe-axe/apps/frappe/frappe/__init__.py", line 1539, in get_module
    return importlib.import_module(modulename)
           ^^^^^^^^^^^^^^^^^^^^^^^^^^^^^^^^^^^
  File "/usr/lib/python3.12/importlib/__init__.py", line 90, in import_module
    return _bootstrap._gcd_import(name[level:], package, level)
           ^^^^^^^^^^^^^^^^^^^^^^^^^^^^^^^^^^^^^^^^^^^^^^^^^^^^
  File "<frozen importlib._bootstrap>", line 1387, in _gcd_import
  File "<frozen importlib._bootstrap>", line 1360, in _find_and_load
  File "<frozen importlib._bootstrap>", line 1324, in _find_and_load_unlocked
ModuleNotFoundError: No module named 'axe_product'

During handling of the above exception, another exception occurred:

Traceback (most recent call last):
  File "/mnt/frappe-axe/apps/frappe/frappe/utils/error.py", line 87, in log_error_snapshot
    log_error(title=str(exception), defer_insert=True)
  File "/mnt/frappe-axe/apps/frappe/frappe/utils/error.py", line 62, in log_error
    error_log = frappe.get_doc(
                ^^^^^^^^^^^^^^^
  File "/mnt/frappe-axe/apps/frappe/frappe/__init__.py", line 1396, in get_doc
    doc = frappe.model.document.get_doc(*args, **kwargs)
          ^^^^^^^^^^^^^^^^^^^^^^^^^^^^^^^^^^^^^^^^^^^^^^
  File "/mnt/frappe-axe/apps/frappe/frappe/model/utils/__init__.py", line 171, in wrapper
    return func(*args, **kw)
           ^^^^^^^^^^^^^^^^^
  File "/mnt/frappe-axe/apps/frappe/frappe/model/document.py", line 69, in get_doc
    return get_doc_from_dict(kwargs)
           ^^^^^^^^^^^^^^^^^^^^^^^^^
  File "/mnt/frappe-axe/apps/frappe/frappe/model/document.py", line 93, in get_doc_from_dict
    controller = get_controller(data["doctype"])
                 ^^^^^^^^^^^^^^^^^^^^^^^^^^^^^^^
  File "/mnt/frappe-axe/apps/frappe/frappe/model/base_document.py", line 67, in get_controller
    return import_controller(doctype)
           ^^^^^^^^^^^^^^^^^^^^^^^^^^
  File "/mnt/frappe-axe/apps/frappe/frappe/model/base_document.py", line 89, in import_controller
    class_overrides = frappe.get_hooks("override_doctype_class")
                      ^^^^^^^^^^^^^^^^^^^^^^^^^^^^^^^^^^^^^^^^^^
  File "/mnt/frappe-axe/apps/frappe/frappe/__init__.py", line 1704, in get_hooks
    hooks = _dict(_load_app_hooks())
                  ^^^^^^^^^^^^^^^^^
  File "/mnt/frappe-axe/apps/frappe/frappe/utils/caching.py", line 47, in wrapper
    return func(*args, **kwargs)
           ^^^^^^^^^^^^^^^^^^^^^
  File "/mnt/frappe-axe/apps/frappe/frappe/__init__.py", line 1673, in _load_app_hooks
    app_hooks = get_module(f"{app}.hooks")
                ^^^^^^^^^^^^^^^^^^^^^^^^^^
  File "/mnt/frappe-axe/apps/frappe/frappe/__init__.py", line 1539, in get_module
    return importlib.import_module(modulename)
           ^^^^^^^^^^^^^^^^^^^^^^^^^^^^^^^^^^^
  File "/usr/lib/python3.12/importlib/__init__.py", line 90, in import_module
    return _bootstrap._gcd_import(name[level:], package, level)
           ^^^^^^^^^^^^^^^^^^^^^^^^^^^^^^^^^^^^^^^^^^^^^^^^^^^^
  File "<frozen importlib._bootstrap>", line 1387, in _gcd_import
  File "<frozen importlib._bootstrap>", line 1360, in _find_and_load
  File "<frozen importlib._bootstrap>", line 1310, in _find_and_load_unlocked
  File "<frozen importlib._bootstrap>", line 488, in _call_with_frames_removed
  File "<frozen importlib._bootstrap>", line 1387, in _gcd_import
  File "<frozen importlib._bootstrap>", line 1360, in _find_and_load
  File "<frozen importlib._bootstrap>", line 1324, in _find_and_load_unlocked
ModuleNotFoundError: No module named 'axe_product'
2024-10-17 13:17:27,538 ERROR frappe Could not take error snapshot: No module named 'axe_product'
Site: localhost
Form Dict: {}
Traceback (most recent call last):
  File "/mnt/frappe-axe/apps/frappe/frappe/app.py", line 99, in application
    init_request(request)
  File "/mnt/frappe-axe/apps/frappe/frappe/app.py", line 181, in init_request
    frappe.init(site, sites_path=_sites_path, force=True)
  File "/mnt/frappe-axe/apps/frappe/frappe/__init__.py", line 314, in init
    setup_module_map(include_all_apps=not (frappe.request or frappe.job or frappe.flags.in_migrate))
  File "/mnt/frappe-axe/apps/frappe/frappe/__init__.py", line 1755, in setup_module_map
    for module in get_module_list(app):
                  ^^^^^^^^^^^^^^^^^^^^
  File "/mnt/frappe-axe/apps/frappe/frappe/__init__.py", line 1603, in get_module_list
    return get_file_items(get_app_path(app_name, "modules.txt"))
                          ^^^^^^^^^^^^^^^^^^^^^^^^^^^^^^^^^^^^^
  File "/mnt/frappe-axe/apps/frappe/frappe/__init__.py", line 1568, in get_app_path
    return get_pymodule_path(app_name, *joins)
           ^^^^^^^^^^^^^^^^^^^^^^^^^^^^^^^^^^^
  File "/mnt/frappe-axe/apps/frappe/frappe/__init__.py", line 1598, in get_pymodule_path
    return abspath(join(dirname(get_module(scrub(modulename)).__file__ or ""), *joins))
                                ^^^^^^^^^^^^^^^^^^^^^^^^^^^^^
  File "/mnt/frappe-axe/apps/frappe/frappe/__init__.py", line 1539, in get_module
    return importlib.import_module(modulename)
           ^^^^^^^^^^^^^^^^^^^^^^^^^^^^^^^^^^^
  File "/usr/lib/python3.12/importlib/__init__.py", line 90, in import_module
    return _bootstrap._gcd_import(name[level:], package, level)
           ^^^^^^^^^^^^^^^^^^^^^^^^^^^^^^^^^^^^^^^^^^^^^^^^^^^^
  File "<frozen importlib._bootstrap>", line 1387, in _gcd_import
  File "<frozen importlib._bootstrap>", line 1360, in _find_and_load
  File "<frozen importlib._bootstrap>", line 1324, in _find_and_load_unlocked
ModuleNotFoundError: No module named 'axe_product'

During handling of the above exception, another exception occurred:

Traceback (most recent call last):
  File "/mnt/frappe-axe/apps/frappe/frappe/utils/error.py", line 87, in log_error_snapshot
    log_error(title=str(exception), defer_insert=True)
  File "/mnt/frappe-axe/apps/frappe/frappe/utils/error.py", line 62, in log_error
    error_log = frappe.get_doc(
                ^^^^^^^^^^^^^^^
  File "/mnt/frappe-axe/apps/frappe/frappe/__init__.py", line 1396, in get_doc
    doc = frappe.model.document.get_doc(*args, **kwargs)
          ^^^^^^^^^^^^^^^^^^^^^^^^^^^^^^^^^^^^^^^^^^^^^^
  File "/mnt/frappe-axe/apps/frappe/frappe/model/utils/__init__.py", line 171, in wrapper
    return func(*args, **kw)
           ^^^^^^^^^^^^^^^^^
  File "/mnt/frappe-axe/apps/frappe/frappe/model/document.py", line 69, in get_doc
    return get_doc_from_dict(kwargs)
           ^^^^^^^^^^^^^^^^^^^^^^^^^
  File "/mnt/frappe-axe/apps/frappe/frappe/model/document.py", line 93, in get_doc_from_dict
    controller = get_controller(data["doctype"])
                 ^^^^^^^^^^^^^^^^^^^^^^^^^^^^^^^
  File "/mnt/frappe-axe/apps/frappe/frappe/model/base_document.py", line 67, in get_controller
    return import_controller(doctype)
           ^^^^^^^^^^^^^^^^^^^^^^^^^^
  File "/mnt/frappe-axe/apps/frappe/frappe/model/base_document.py", line 89, in import_controller
    class_overrides = frappe.get_hooks("override_doctype_class")
                      ^^^^^^^^^^^^^^^^^^^^^^^^^^^^^^^^^^^^^^^^^^
  File "/mnt/frappe-axe/apps/frappe/frappe/__init__.py", line 1704, in get_hooks
    hooks = _dict(_load_app_hooks())
                  ^^^^^^^^^^^^^^^^^
  File "/mnt/frappe-axe/apps/frappe/frappe/utils/caching.py", line 47, in wrapper
    return func(*args, **kwargs)
           ^^^^^^^^^^^^^^^^^^^^^
  File "/mnt/frappe-axe/apps/frappe/frappe/__init__.py", line 1673, in _load_app_hooks
    app_hooks = get_module(f"{app}.hooks")
                ^^^^^^^^^^^^^^^^^^^^^^^^^^
  File "/mnt/frappe-axe/apps/frappe/frappe/__init__.py", line 1539, in get_module
    return importlib.import_module(modulename)
           ^^^^^^^^^^^^^^^^^^^^^^^^^^^^^^^^^^^
  File "/usr/lib/python3.12/importlib/__init__.py", line 90, in import_module
    return _bootstrap._gcd_import(name[level:], package, level)
           ^^^^^^^^^^^^^^^^^^^^^^^^^^^^^^^^^^^^^^^^^^^^^^^^^^^^
  File "<frozen importlib._bootstrap>", line 1387, in _gcd_import
  File "<frozen importlib._bootstrap>", line 1360, in _find_and_load
  File "<frozen importlib._bootstrap>", line 1310, in _find_and_load_unlocked
  File "<frozen importlib._bootstrap>", line 488, in _call_with_frames_removed
  File "<frozen importlib._bootstrap>", line 1387, in _gcd_import
  File "<frozen importlib._bootstrap>", line 1360, in _find_and_load
  File "<frozen importlib._bootstrap>", line 1324, in _find_and_load_unlocked
ModuleNotFoundError: No module named 'axe_product'
2024-10-17 13:17:37,691 ERROR frappe Could not take error snapshot: No module named 'axe_product'
Site: localhost
Form Dict: {}
Traceback (most recent call last):
  File "/mnt/frappe-axe/apps/frappe/frappe/app.py", line 99, in application
    init_request(request)
  File "/mnt/frappe-axe/apps/frappe/frappe/app.py", line 181, in init_request
    frappe.init(site, sites_path=_sites_path, force=True)
  File "/mnt/frappe-axe/apps/frappe/frappe/__init__.py", line 314, in init
    setup_module_map(include_all_apps=not (frappe.request or frappe.job or frappe.flags.in_migrate))
  File "/mnt/frappe-axe/apps/frappe/frappe/__init__.py", line 1755, in setup_module_map
    for module in get_module_list(app):
                  ^^^^^^^^^^^^^^^^^^^^
  File "/mnt/frappe-axe/apps/frappe/frappe/__init__.py", line 1603, in get_module_list
    return get_file_items(get_app_path(app_name, "modules.txt"))
                          ^^^^^^^^^^^^^^^^^^^^^^^^^^^^^^^^^^^^^
  File "/mnt/frappe-axe/apps/frappe/frappe/__init__.py", line 1568, in get_app_path
    return get_pymodule_path(app_name, *joins)
           ^^^^^^^^^^^^^^^^^^^^^^^^^^^^^^^^^^^
  File "/mnt/frappe-axe/apps/frappe/frappe/__init__.py", line 1598, in get_pymodule_path
    return abspath(join(dirname(get_module(scrub(modulename)).__file__ or ""), *joins))
                                ^^^^^^^^^^^^^^^^^^^^^^^^^^^^^
  File "/mnt/frappe-axe/apps/frappe/frappe/__init__.py", line 1539, in get_module
    return importlib.import_module(modulename)
           ^^^^^^^^^^^^^^^^^^^^^^^^^^^^^^^^^^^
  File "/usr/lib/python3.12/importlib/__init__.py", line 90, in import_module
    return _bootstrap._gcd_import(name[level:], package, level)
           ^^^^^^^^^^^^^^^^^^^^^^^^^^^^^^^^^^^^^^^^^^^^^^^^^^^^
  File "<frozen importlib._bootstrap>", line 1387, in _gcd_import
  File "<frozen importlib._bootstrap>", line 1360, in _find_and_load
  File "<frozen importlib._bootstrap>", line 1324, in _find_and_load_unlocked
ModuleNotFoundError: No module named 'axe_product'

During handling of the above exception, another exception occurred:

Traceback (most recent call last):
  File "/mnt/frappe-axe/apps/frappe/frappe/utils/error.py", line 87, in log_error_snapshot
    log_error(title=str(exception), defer_insert=True)
  File "/mnt/frappe-axe/apps/frappe/frappe/utils/error.py", line 62, in log_error
    error_log = frappe.get_doc(
                ^^^^^^^^^^^^^^^
  File "/mnt/frappe-axe/apps/frappe/frappe/__init__.py", line 1396, in get_doc
    doc = frappe.model.document.get_doc(*args, **kwargs)
          ^^^^^^^^^^^^^^^^^^^^^^^^^^^^^^^^^^^^^^^^^^^^^^
  File "/mnt/frappe-axe/apps/frappe/frappe/model/utils/__init__.py", line 171, in wrapper
    return func(*args, **kw)
           ^^^^^^^^^^^^^^^^^
  File "/mnt/frappe-axe/apps/frappe/frappe/model/document.py", line 69, in get_doc
    return get_doc_from_dict(kwargs)
           ^^^^^^^^^^^^^^^^^^^^^^^^^
  File "/mnt/frappe-axe/apps/frappe/frappe/model/document.py", line 93, in get_doc_from_dict
    controller = get_controller(data["doctype"])
                 ^^^^^^^^^^^^^^^^^^^^^^^^^^^^^^^
  File "/mnt/frappe-axe/apps/frappe/frappe/model/base_document.py", line 67, in get_controller
    return import_controller(doctype)
           ^^^^^^^^^^^^^^^^^^^^^^^^^^
  File "/mnt/frappe-axe/apps/frappe/frappe/model/base_document.py", line 89, in import_controller
    class_overrides = frappe.get_hooks("override_doctype_class")
                      ^^^^^^^^^^^^^^^^^^^^^^^^^^^^^^^^^^^^^^^^^^
  File "/mnt/frappe-axe/apps/frappe/frappe/__init__.py", line 1704, in get_hooks
    hooks = _dict(_load_app_hooks())
                  ^^^^^^^^^^^^^^^^^
  File "/mnt/frappe-axe/apps/frappe/frappe/utils/caching.py", line 47, in wrapper
    return func(*args, **kwargs)
           ^^^^^^^^^^^^^^^^^^^^^
  File "/mnt/frappe-axe/apps/frappe/frappe/__init__.py", line 1673, in _load_app_hooks
    app_hooks = get_module(f"{app}.hooks")
                ^^^^^^^^^^^^^^^^^^^^^^^^^^
  File "/mnt/frappe-axe/apps/frappe/frappe/__init__.py", line 1539, in get_module
    return importlib.import_module(modulename)
           ^^^^^^^^^^^^^^^^^^^^^^^^^^^^^^^^^^^
  File "/usr/lib/python3.12/importlib/__init__.py", line 90, in import_module
    return _bootstrap._gcd_import(name[level:], package, level)
           ^^^^^^^^^^^^^^^^^^^^^^^^^^^^^^^^^^^^^^^^^^^^^^^^^^^^
  File "<frozen importlib._bootstrap>", line 1387, in _gcd_import
  File "<frozen importlib._bootstrap>", line 1360, in _find_and_load
  File "<frozen importlib._bootstrap>", line 1310, in _find_and_load_unlocked
  File "<frozen importlib._bootstrap>", line 488, in _call_with_frames_removed
  File "<frozen importlib._bootstrap>", line 1387, in _gcd_import
  File "<frozen importlib._bootstrap>", line 1360, in _find_and_load
  File "<frozen importlib._bootstrap>", line 1324, in _find_and_load_unlocked
ModuleNotFoundError: No module named 'axe_product'
2024-10-17 13:17:38,701 ERROR frappe Could not take error snapshot: No module named 'axe_product'
Site: localhost
Form Dict: {}
Traceback (most recent call last):
  File "/mnt/frappe-axe/apps/frappe/frappe/app.py", line 99, in application
    init_request(request)
  File "/mnt/frappe-axe/apps/frappe/frappe/app.py", line 181, in init_request
    frappe.init(site, sites_path=_sites_path, force=True)
  File "/mnt/frappe-axe/apps/frappe/frappe/__init__.py", line 314, in init
    setup_module_map(include_all_apps=not (frappe.request or frappe.job or frappe.flags.in_migrate))
  File "/mnt/frappe-axe/apps/frappe/frappe/__init__.py", line 1755, in setup_module_map
    for module in get_module_list(app):
                  ^^^^^^^^^^^^^^^^^^^^
  File "/mnt/frappe-axe/apps/frappe/frappe/__init__.py", line 1603, in get_module_list
    return get_file_items(get_app_path(app_name, "modules.txt"))
                          ^^^^^^^^^^^^^^^^^^^^^^^^^^^^^^^^^^^^^
  File "/mnt/frappe-axe/apps/frappe/frappe/__init__.py", line 1568, in get_app_path
    return get_pymodule_path(app_name, *joins)
           ^^^^^^^^^^^^^^^^^^^^^^^^^^^^^^^^^^^
  File "/mnt/frappe-axe/apps/frappe/frappe/__init__.py", line 1598, in get_pymodule_path
    return abspath(join(dirname(get_module(scrub(modulename)).__file__ or ""), *joins))
                                ^^^^^^^^^^^^^^^^^^^^^^^^^^^^^
  File "/mnt/frappe-axe/apps/frappe/frappe/__init__.py", line 1539, in get_module
    return importlib.import_module(modulename)
           ^^^^^^^^^^^^^^^^^^^^^^^^^^^^^^^^^^^
  File "/usr/lib/python3.12/importlib/__init__.py", line 90, in import_module
    return _bootstrap._gcd_import(name[level:], package, level)
           ^^^^^^^^^^^^^^^^^^^^^^^^^^^^^^^^^^^^^^^^^^^^^^^^^^^^
  File "<frozen importlib._bootstrap>", line 1387, in _gcd_import
  File "<frozen importlib._bootstrap>", line 1360, in _find_and_load
  File "<frozen importlib._bootstrap>", line 1324, in _find_and_load_unlocked
ModuleNotFoundError: No module named 'axe_product'

During handling of the above exception, another exception occurred:

Traceback (most recent call last):
  File "/mnt/frappe-axe/apps/frappe/frappe/utils/error.py", line 87, in log_error_snapshot
    log_error(title=str(exception), defer_insert=True)
  File "/mnt/frappe-axe/apps/frappe/frappe/utils/error.py", line 62, in log_error
    error_log = frappe.get_doc(
                ^^^^^^^^^^^^^^^
  File "/mnt/frappe-axe/apps/frappe/frappe/__init__.py", line 1396, in get_doc
    doc = frappe.model.document.get_doc(*args, **kwargs)
          ^^^^^^^^^^^^^^^^^^^^^^^^^^^^^^^^^^^^^^^^^^^^^^
  File "/mnt/frappe-axe/apps/frappe/frappe/model/utils/__init__.py", line 171, in wrapper
    return func(*args, **kw)
           ^^^^^^^^^^^^^^^^^
  File "/mnt/frappe-axe/apps/frappe/frappe/model/document.py", line 69, in get_doc
    return get_doc_from_dict(kwargs)
           ^^^^^^^^^^^^^^^^^^^^^^^^^
  File "/mnt/frappe-axe/apps/frappe/frappe/model/document.py", line 93, in get_doc_from_dict
    controller = get_controller(data["doctype"])
                 ^^^^^^^^^^^^^^^^^^^^^^^^^^^^^^^
  File "/mnt/frappe-axe/apps/frappe/frappe/model/base_document.py", line 67, in get_controller
    return import_controller(doctype)
           ^^^^^^^^^^^^^^^^^^^^^^^^^^
  File "/mnt/frappe-axe/apps/frappe/frappe/model/base_document.py", line 89, in import_controller
    class_overrides = frappe.get_hooks("override_doctype_class")
                      ^^^^^^^^^^^^^^^^^^^^^^^^^^^^^^^^^^^^^^^^^^
  File "/mnt/frappe-axe/apps/frappe/frappe/__init__.py", line 1704, in get_hooks
    hooks = _dict(_load_app_hooks())
                  ^^^^^^^^^^^^^^^^^
  File "/mnt/frappe-axe/apps/frappe/frappe/utils/caching.py", line 47, in wrapper
    return func(*args, **kwargs)
           ^^^^^^^^^^^^^^^^^^^^^
  File "/mnt/frappe-axe/apps/frappe/frappe/__init__.py", line 1673, in _load_app_hooks
    app_hooks = get_module(f"{app}.hooks")
                ^^^^^^^^^^^^^^^^^^^^^^^^^^
  File "/mnt/frappe-axe/apps/frappe/frappe/__init__.py", line 1539, in get_module
    return importlib.import_module(modulename)
           ^^^^^^^^^^^^^^^^^^^^^^^^^^^^^^^^^^^
  File "/usr/lib/python3.12/importlib/__init__.py", line 90, in import_module
    return _bootstrap._gcd_import(name[level:], package, level)
           ^^^^^^^^^^^^^^^^^^^^^^^^^^^^^^^^^^^^^^^^^^^^^^^^^^^^
  File "<frozen importlib._bootstrap>", line 1387, in _gcd_import
  File "<frozen importlib._bootstrap>", line 1360, in _find_and_load
  File "<frozen importlib._bootstrap>", line 1310, in _find_and_load_unlocked
  File "<frozen importlib._bootstrap>", line 488, in _call_with_frames_removed
  File "<frozen importlib._bootstrap>", line 1387, in _gcd_import
  File "<frozen importlib._bootstrap>", line 1360, in _find_and_load
  File "<frozen importlib._bootstrap>", line 1324, in _find_and_load_unlocked
ModuleNotFoundError: No module named 'axe_product'
2024-10-17 13:17:45,073 ERROR frappe Could not take error snapshot: No module named 'axe_product'
Site: localhost
Form Dict: {}
Traceback (most recent call last):
  File "/mnt/frappe-axe/apps/frappe/frappe/app.py", line 99, in application
    init_request(request)
  File "/mnt/frappe-axe/apps/frappe/frappe/app.py", line 181, in init_request
    frappe.init(site, sites_path=_sites_path, force=True)
  File "/mnt/frappe-axe/apps/frappe/frappe/__init__.py", line 314, in init
    setup_module_map(include_all_apps=not (frappe.request or frappe.job or frappe.flags.in_migrate))
  File "/mnt/frappe-axe/apps/frappe/frappe/__init__.py", line 1755, in setup_module_map
    for module in get_module_list(app):
                  ^^^^^^^^^^^^^^^^^^^^
  File "/mnt/frappe-axe/apps/frappe/frappe/__init__.py", line 1603, in get_module_list
    return get_file_items(get_app_path(app_name, "modules.txt"))
                          ^^^^^^^^^^^^^^^^^^^^^^^^^^^^^^^^^^^^^
  File "/mnt/frappe-axe/apps/frappe/frappe/__init__.py", line 1568, in get_app_path
    return get_pymodule_path(app_name, *joins)
           ^^^^^^^^^^^^^^^^^^^^^^^^^^^^^^^^^^^
  File "/mnt/frappe-axe/apps/frappe/frappe/__init__.py", line 1598, in get_pymodule_path
    return abspath(join(dirname(get_module(scrub(modulename)).__file__ or ""), *joins))
                                ^^^^^^^^^^^^^^^^^^^^^^^^^^^^^
  File "/mnt/frappe-axe/apps/frappe/frappe/__init__.py", line 1539, in get_module
    return importlib.import_module(modulename)
           ^^^^^^^^^^^^^^^^^^^^^^^^^^^^^^^^^^^
  File "/usr/lib/python3.12/importlib/__init__.py", line 90, in import_module
    return _bootstrap._gcd_import(name[level:], package, level)
           ^^^^^^^^^^^^^^^^^^^^^^^^^^^^^^^^^^^^^^^^^^^^^^^^^^^^
  File "<frozen importlib._bootstrap>", line 1387, in _gcd_import
  File "<frozen importlib._bootstrap>", line 1360, in _find_and_load
  File "<frozen importlib._bootstrap>", line 1324, in _find_and_load_unlocked
ModuleNotFoundError: No module named 'axe_product'

During handling of the above exception, another exception occurred:

Traceback (most recent call last):
  File "/mnt/frappe-axe/apps/frappe/frappe/utils/error.py", line 87, in log_error_snapshot
    log_error(title=str(exception), defer_insert=True)
  File "/mnt/frappe-axe/apps/frappe/frappe/utils/error.py", line 62, in log_error
    error_log = frappe.get_doc(
                ^^^^^^^^^^^^^^^
  File "/mnt/frappe-axe/apps/frappe/frappe/__init__.py", line 1396, in get_doc
    doc = frappe.model.document.get_doc(*args, **kwargs)
          ^^^^^^^^^^^^^^^^^^^^^^^^^^^^^^^^^^^^^^^^^^^^^^
  File "/mnt/frappe-axe/apps/frappe/frappe/model/utils/__init__.py", line 171, in wrapper
    return func(*args, **kw)
           ^^^^^^^^^^^^^^^^^
  File "/mnt/frappe-axe/apps/frappe/frappe/model/document.py", line 69, in get_doc
    return get_doc_from_dict(kwargs)
           ^^^^^^^^^^^^^^^^^^^^^^^^^
  File "/mnt/frappe-axe/apps/frappe/frappe/model/document.py", line 93, in get_doc_from_dict
    controller = get_controller(data["doctype"])
                 ^^^^^^^^^^^^^^^^^^^^^^^^^^^^^^^
  File "/mnt/frappe-axe/apps/frappe/frappe/model/base_document.py", line 67, in get_controller
    return import_controller(doctype)
           ^^^^^^^^^^^^^^^^^^^^^^^^^^
  File "/mnt/frappe-axe/apps/frappe/frappe/model/base_document.py", line 89, in import_controller
    class_overrides = frappe.get_hooks("override_doctype_class")
                      ^^^^^^^^^^^^^^^^^^^^^^^^^^^^^^^^^^^^^^^^^^
  File "/mnt/frappe-axe/apps/frappe/frappe/__init__.py", line 1704, in get_hooks
    hooks = _dict(_load_app_hooks())
                  ^^^^^^^^^^^^^^^^^
  File "/mnt/frappe-axe/apps/frappe/frappe/utils/caching.py", line 47, in wrapper
    return func(*args, **kwargs)
           ^^^^^^^^^^^^^^^^^^^^^
  File "/mnt/frappe-axe/apps/frappe/frappe/__init__.py", line 1673, in _load_app_hooks
    app_hooks = get_module(f"{app}.hooks")
                ^^^^^^^^^^^^^^^^^^^^^^^^^^
  File "/mnt/frappe-axe/apps/frappe/frappe/__init__.py", line 1539, in get_module
    return importlib.import_module(modulename)
           ^^^^^^^^^^^^^^^^^^^^^^^^^^^^^^^^^^^
  File "/usr/lib/python3.12/importlib/__init__.py", line 90, in import_module
    return _bootstrap._gcd_import(name[level:], package, level)
           ^^^^^^^^^^^^^^^^^^^^^^^^^^^^^^^^^^^^^^^^^^^^^^^^^^^^
  File "<frozen importlib._bootstrap>", line 1387, in _gcd_import
  File "<frozen importlib._bootstrap>", line 1360, in _find_and_load
  File "<frozen importlib._bootstrap>", line 1310, in _find_and_load_unlocked
  File "<frozen importlib._bootstrap>", line 488, in _call_with_frames_removed
  File "<frozen importlib._bootstrap>", line 1387, in _gcd_import
  File "<frozen importlib._bootstrap>", line 1360, in _find_and_load
  File "<frozen importlib._bootstrap>", line 1324, in _find_and_load_unlocked
ModuleNotFoundError: No module named 'axe_product'
2024-10-17 17:42:39,744 ERROR frappe New Exception collected in error log
Site: localhost
Form Dict: {'doctype': 'Tags', 'name': 'vip', 'items': '["Accounts","Location"]', 'cmd': 'frappe.desk.notifications.get_open_count'}
2024-10-17 17:42:39,751 ERROR frappe New Exception collected in error log
Site: localhost
Form Dict: {'doctype': 'Tags', 'name': 'vip', 'items': '["Accounts","Location"]', 'cmd': 'frappe.desk.notifications.get_open_count'}
2024-10-17 17:42:39,752 ERROR frappe New Exception collected in error log
Site: localhost
Form Dict: {'doctype': 'Tags', 'name': 'vip', 'items': '["Accounts","Location"]', 'cmd': 'frappe.desk.notifications.get_open_count'}
2024-10-17 17:42:39,753 ERROR frappe New Exception collected in error log
Site: localhost
Form Dict: {'doctype': 'Tags', 'name': 'vip', 'items': '["Accounts","Location"]', 'cmd': 'frappe.desk.notifications.get_open_count'}
2024-10-17 17:42:59,781 ERROR frappe New Exception collected in error log
Site: localhost
Form Dict: {'doctype': 'Tags', 'name': 'vip', 'items': '["Accounts","Location"]', 'cmd': 'frappe.desk.notifications.get_open_count'}
2024-10-17 17:43:01,441 ERROR frappe New Exception collected in error log
Site: localhost
Form Dict: {'doctype': 'Tags', 'name': 'vip', 'items': '["Accounts","Location"]', 'cmd': 'frappe.desk.notifications.get_open_count'}
2024-10-17 17:49:33,203 ERROR frappe New Exception collected in error log
Site: localhost
Form Dict: {'doctype': 'Tags', 'name': 'Products', 'items': '["Accounts","Location"]', 'cmd': 'frappe.desk.notifications.get_open_count'}
2024-10-17 17:49:33,233 ERROR frappe New Exception collected in error log
Site: localhost
Form Dict: {'doctype': 'Tags', 'name': 'Products', 'items': '["Accounts","Location"]', 'cmd': 'frappe.desk.notifications.get_open_count'}
2024-10-17 17:50:46,078 ERROR frappe New Exception collected in error log
Site: localhost
Form Dict: {'doctype': 'Tags', 'name': 'Product Tag Ac', 'items': '["Accounts","Location"]', 'cmd': 'frappe.desk.notifications.get_open_count'}
2024-10-17 17:50:46,084 ERROR frappe New Exception collected in error log
Site: localhost
Form Dict: {'doctype': 'Tags', 'name': 'Product Tag Ac', 'items': '["Accounts","Location"]', 'cmd': 'frappe.desk.notifications.get_open_count'}
2024-10-18 09:38:20,816 ERROR frappe New Exception collected in error log
Site: localhost
Form Dict: {'doctype': 'Tags', 'name': 'vip', 'items': '["Accounts","Location"]', 'cmd': 'frappe.desk.notifications.get_open_count'}
2024-10-18 09:38:28,337 ERROR frappe New Exception collected in error log
Site: localhost
Form Dict: {'doctype': 'Tags', 'name': 'vip', 'items': '["Accounts","Location"]', 'cmd': 'frappe.desk.notifications.get_open_count'}
2024-10-18 10:28:41,605 ERROR frappe New Exception collected in error log
Site: localhost
Form Dict: {'txt': '', 'doctype': 'Location', 'ignore_user_permissions': '0', 'reference_doctype': 'Account Details', 'page_length': '10', 'query': 'axe_product.axe_product.doctype.dsv_restrictions.dsv_restrictions.get_locations', 'filters': '{}', 'cmd': 'frappe.desk.search.search_link'}
2024-10-21 09:59:35,369 ERROR frappe New Exception collected in error log
Site: localhost
Form Dict: {'txt': '', 'doctype': 'Contacts', 'ignore_user_permissions': '0', 'reference_doctype': 'Contact Child', 'page_length': '10', 'filters': '[["Contacts","name","not in",["Rathod","karuna",null]],["Contacts","location","is","not set"]]', 'cmd': 'frappe.desk.search.search_link'}
2024-10-21 10:00:02,957 ERROR frappe New Exception collected in error log
Site: localhost
Form Dict: {'txt': '', 'doctype': 'Contacts', 'ignore_user_permissions': '0', 'reference_doctype': 'Contact Child', 'page_length': '10', 'filters': '[["Contacts","name","not in",["Rathod","karuna",null]],["Contacts","location","is","not set"]]', 'cmd': 'frappe.desk.search.search_link'}
2024-10-21 10:00:43,012 ERROR frappe New Exception collected in error log
Site: localhost
Form Dict: {'txt': '', 'doctype': 'Contacts', 'ignore_user_permissions': '0', 'reference_doctype': 'Contact Child', 'page_length': '10', 'filters': '[["Contacts","name","not in",["Rathod","karuna",null]],["Location","contact","is","not set"]]', 'cmd': 'frappe.desk.search.search_link'}
2024-10-21 10:04:17,209 ERROR frappe New Exception collected in error log
Site: localhost
Form Dict: {'txt': '', 'doctype': 'Contacts', 'ignore_user_permissions': '0', 'reference_doctype': 'Contact Child', 'page_length': '10', 'filters': '[["Contacts","name","not in",["Rathod","karuna",null]],["Location","contact","is","not set"]]', 'cmd': 'frappe.desk.search.search_link'}
2024-10-21 10:05:41,674 ERROR frappe New Exception collected in error log
Site: localhost
Form Dict: {'txt': '', 'doctype': 'Contacts', 'ignore_user_permissions': '0', 'reference_doctype': 'Contact Child', 'page_length': '10', 'filters': '{"location":["is","not set"]}', 'cmd': 'frappe.desk.search.search_link'}
2024-10-21 10:06:53,372 ERROR frappe New Exception collected in error log
Site: localhost
Form Dict: {'txt': '', 'doctype': 'Contacts', 'ignore_user_permissions': '0', 'reference_doctype': 'Contact Child', 'page_length': '10', 'filters': '{"location":["is","not set"]}', 'cmd': 'frappe.desk.search.search_link'}
2024-10-21 10:08:09,604 ERROR frappe New Exception collected in error log
Site: localhost
Form Dict: {'txt': '', 'doctype': 'Contacts', 'ignore_user_permissions': '0', 'reference_doctype': 'Contact Child', 'page_length': '10', 'filters': '{"location":["is","not set"]}', 'cmd': 'frappe.desk.search.search_link'}
2024-10-21 10:09:27,293 ERROR frappe New Exception collected in error log
Site: localhost
Form Dict: {'txt': '', 'doctype': 'Contacts', 'ignore_user_permissions': '0', 'reference_doctype': 'Contact Child', 'page_length': '10', 'filters': '{"location":["is","not set"]}', 'cmd': 'frappe.desk.search.search_link'}
2024-10-21 10:10:46,584 ERROR frappe New Exception collected in error log
Site: localhost
Form Dict: {'txt': '', 'doctype': 'Contacts', 'ignore_user_permissions': '0', 'reference_doctype': 'Contact Child', 'page_length': '10', 'filters': '{"location":["is","not set"]}', 'cmd': 'frappe.desk.search.search_link'}
2024-10-21 10:11:10,169 ERROR frappe New Exception collected in error log
Site: localhost
Form Dict: {'txt': '', 'doctype': 'Contacts', 'ignore_user_permissions': '0', 'reference_doctype': 'Contact Child', 'page_length': '10', 'filters': '[["Contacts","name","not in",["karuna",null]],["Location","contact","is","not set"]]', 'cmd': 'frappe.desk.search.search_link'}
2024-10-21 10:11:18,480 ERROR frappe New Exception collected in error log
Site: localhost
Form Dict: {'txt': '', 'doctype': 'Contacts', 'ignore_user_permissions': '0', 'reference_doctype': 'Contact Child', 'page_length': '10', 'filters': '[["Contacts","name","not in",["karuna",null]],["Location","contact","is","not set"]]', 'cmd': 'frappe.desk.search.search_link'}
2024-10-21 10:11:27,960 ERROR frappe New Exception collected in error log
Site: localhost
Form Dict: {'txt': '', 'doctype': 'Contacts', 'ignore_user_permissions': '0', 'reference_doctype': 'Contact Child', 'page_length': '10', 'filters': '[["Contacts","name","not in",["karuna",null]],["Location","contact","is","not set"]]', 'cmd': 'frappe.desk.search.search_link'}
2024-10-24 10:54:46,378 ERROR frappe New Exception collected in error log
Site: localhost
Form Dict: {}
2024-10-24 10:54:46,378 ERROR frappe New Exception collected in error log
Site: localhost
Form Dict: {}
2024-10-24 10:54:46,380 ERROR frappe New Exception collected in error log
Site: localhost
Form Dict: {}
2024-10-24 10:54:46,380 ERROR frappe New Exception collected in error log
Site: localhost
Form Dict: {}
2024-10-24 15:01:28,121 ERROR frappe New Exception collected in error log
Site: localhost
Form Dict: {'name1': 'kiruba', 'type': 'Inbound'}
2024-10-24 15:01:28,121 ERROR frappe New Exception collected in error log
Site: localhost
Form Dict: {'name1': 'kiruba', 'type': 'Inbound'}
2024-10-24 15:01:28,742 ERROR frappe New Exception collected in error log
Site: localhost
Form Dict: {'name1': 'kiruba', 'type': 'Inbound'}
2024-10-24 15:01:28,742 ERROR frappe New Exception collected in error log
Site: localhost
Form Dict: {'name1': 'kiruba', 'type': 'Inbound'}
2024-10-24 15:03:03,111 ERROR frappe New Exception collected in error log
Site: localhost
Form Dict: {'name1': 'kiruba', 'type': 'Inbound'}
2024-10-24 15:03:03,111 ERROR frappe New Exception collected in error log
Site: localhost
Form Dict: {'name1': 'kiruba', 'type': 'Inbound'}
2024-10-24 15:06:21,741 ERROR frappe New Exception collected in error log
Site: localhost
Form Dict: {'name1': 'kiruba', 'type': 'Outbound'}
2024-10-24 15:06:21,741 ERROR frappe New Exception collected in error log
Site: localhost
Form Dict: {'name1': 'kiruba', 'type': 'Outbound'}
2024-10-25 12:03:34,156 ERROR frappe New Exception collected in error log
Site: localhost
Form Dict: {'name': 'Ranga Bhaaiiii', 'owner': 'Administrator', 'creation': '2024-10-25 12:02:49.425814', 'modified': '2024-10-25 12:02:49.425814', 'modified_by': 'Administrator', 'docstatus': 0, 'idx': 0, 'name_1': 'Ranganathan', 'type': 'Inbound', 'doctype': 'Frappe Crud'}
2024-10-28 12:24:35,367 ERROR frappe New Exception collected in error log
Site: localhost
Form Dict: {}
2024-10-28 12:24:35,367 ERROR frappe New Exception collected in error log
Site: localhost
Form Dict: {}
2024-10-28 12:24:35,469 ERROR frappe New Exception collected in error log
Site: localhost
Form Dict: {}
2024-10-28 12:24:35,469 ERROR frappe New Exception collected in error log
Site: localhost
Form Dict: {}
2024-10-28 12:24:35,484 ERROR frappe New Exception collected in error log
Site: localhost
Form Dict: {}
2024-10-28 12:24:35,486 ERROR frappe New Exception collected in error log
Site: localhost
Form Dict: {}
2024-10-28 12:24:35,484 ERROR frappe New Exception collected in error log
Site: localhost
Form Dict: {}
2024-10-28 12:24:35,486 ERROR frappe New Exception collected in error log
Site: localhost
Form Dict: {}
2024-10-28 12:24:35,537 ERROR frappe New Exception collected in error log
Site: localhost
Form Dict: {}
2024-10-28 12:24:35,537 ERROR frappe New Exception collected in error log
Site: localhost
Form Dict: {}
2024-10-28 12:24:35,590 ERROR frappe New Exception collected in error log
Site: localhost
Form Dict: {}
2024-10-28 12:24:35,590 ERROR frappe New Exception collected in error log
Site: localhost
Form Dict: {}
2024-10-28 12:24:35,592 ERROR frappe New Exception collected in error log
Site: localhost
Form Dict: {}
2024-10-28 12:24:35,592 ERROR frappe New Exception collected in error log
Site: localhost
Form Dict: {}
2024-10-28 12:24:35,602 ERROR frappe New Exception collected in error log
Site: localhost
Form Dict: {}
2024-10-28 12:24:35,602 ERROR frappe New Exception collected in error log
Site: localhost
Form Dict: {}
2024-10-28 12:24:35,787 ERROR frappe New Exception collected in error log
Site: localhost
Form Dict: {}
2024-10-28 12:24:35,787 ERROR frappe New Exception collected in error log
Site: localhost
Form Dict: {}
2024-10-28 12:24:35,790 ERROR frappe New Exception collected in error log
Site: localhost
Form Dict: {}
2024-10-28 12:24:35,790 ERROR frappe New Exception collected in error log
Site: localhost
Form Dict: {}
2024-10-28 12:24:35,812 ERROR frappe New Exception collected in error log
Site: localhost
Form Dict: {}
2024-10-28 12:24:35,812 ERROR frappe New Exception collected in error log
Site: localhost
Form Dict: {}
